/home/unitree/ctrl_keyboard/install/ctrl_keyboard/lib/python3.8/site-packages/ctrl_keyboard/ctrl_keyboard.py
/home/unitree/ctrl_keyboard/install/ctrl_keyboard/lib/python3.8/site-packages/ctrl_keyboard/ctrl_keyboard (copy).py
/home/unitree/ctrl_keyboard/install/ctrl_keyboard/lib/python3.8/site-packages/ctrl_keyboard/auto_ctrl.py
/home/unitree/ctrl_keyboard/install/ctrl_keyboard/lib/python3.8/site-packages/ctrl_keyboard/__init__.py
/home/unitree/ctrl_keyboard/install/ctrl_keyboard/lib/python3.8/site-packages/ctrl_keyboard/__pycache__/ctrl_keyboard.cpython-38.pyc
/home/unitree/ctrl_keyboard/install/ctrl_keyboard/lib/python3.8/site-packages/ctrl_keyboard/__pycache__/ctrl_keyboard (copy).cpython-38.pyc
/home/unitree/ctrl_keyboard/install/ctrl_keyboard/lib/python3.8/site-packages/ctrl_keyboard/__pycache__/auto_ctrl.cpython-38.pyc
/home/unitree/ctrl_keyboard/install/ctrl_keyboard/lib/python3.8/site-packages/ctrl_keyboard/__pycache__/__init__.cpython-38.pyc
/home/unitree/ctrl_keyboard/install/ctrl_keyboard/share/ament_index/resource_index/packages/ctrl_keyboard
/home/unitree/ctrl_keyboard/install/ctrl_keyboard/share/ctrl_keyboard/package.xml
/home/unitree/ctrl_keyboard/install/ctrl_keyboard/share/ctrl_keyboard/launch
/home/unitree/ctrl_keyboard/install/ctrl_keyboard/lib/python3.8/site-packages/ctrl_keyboard-0.0.0-py3.8.egg-info/dependency_links.txt
/home/unitree/ctrl_keyboard/install/ctrl_keyboard/lib/python3.8/site-packages/ctrl_keyboard-0.0.0-py3.8.egg-info/top_level.txt
/home/unitree/ctrl_keyboard/install/ctrl_keyboard/lib/python3.8/site-packages/ctrl_keyboard-0.0.0-py3.8.egg-info/requires.txt
/home/unitree/ctrl_keyboard/install/ctrl_keyboard/lib/python3.8/site-packages/ctrl_keyboard-0.0.0-py3.8.egg-info/entry_points.txt
/home/unitree/ctrl_keyboard/install/ctrl_keyboard/lib/python3.8/site-packages/ctrl_keyboard-0.0.0-py3.8.egg-info/PKG-INFO
/home/unitree/ctrl_keyboard/install/ctrl_keyboard/lib/python3.8/site-packages/ctrl_keyboard-0.0.0-py3.8.egg-info/zip-safe
/home/unitree/ctrl_keyboard/install/ctrl_keyboard/lib/python3.8/site-packages/ctrl_keyboard-0.0.0-py3.8.egg-info/SOURCES.txt
/home/unitree/ctrl_keyboard/install/ctrl_keyboard/lib/ctrl_keyboard/auto_walk
/home/unitree/ctrl_keyboard/install/ctrl_keyboard/lib/ctrl_keyboard/ctrl_keyboard
