running egg_info
creating build/ctrl_keyboard/ctrl_keyboard.egg-info
writing build/ctrl_keyboard/ctrl_keyboard.egg-info/PKG-INFO
writing dependency_links to build/ctrl_keyboard/ctrl_keyboard.egg-info/dependency_links.txt
writing entry points to build/ctrl_keyboard/ctrl_keyboard.egg-info/entry_points.txt
writing requirements to build/ctrl_keyboard/ctrl_keyboard.egg-info/requires.txt
writing top-level names to build/ctrl_keyboard/ctrl_keyboard.egg-info/top_level.txt
writing manifest file 'build/ctrl_keyboard/ctrl_keyboard.egg-info/SOURCES.txt'
reading manifest file 'build/ctrl_keyboard/ctrl_keyboard.egg-info/SOURCES.txt'
writing manifest file 'build/ctrl_keyboard/ctrl_keyboard.egg-info/SOURCES.txt'
running build
running build_py
creating /home/unitree/ctrl_keyboard/build/ctrl_keyboard/build
creating /home/unitree/ctrl_keyboard/build/ctrl_keyboard/build/lib
creating /home/unitree/ctrl_keyboard/build/ctrl_keyboard/build/lib/ctrl_keyboard
copying ctrl_keyboard/__init__.py -> /home/unitree/ctrl_keyboard/build/ctrl_keyboard/build/lib/ctrl_keyboard
copying ctrl_keyboard/ctr_keyboard.py -> /home/unitree/ctrl_keyboard/build/ctrl_keyboard/build/lib/ctrl_keyboard
running install
running install_lib
creating /home/unitree/ctrl_keyboard/install/ctrl_keyboard/lib/python3.8/site-packages/ctrl_keyboard
copying /home/unitree/ctrl_keyboard/build/ctrl_keyboard/build/lib/ctrl_keyboard/__init__.py -> /home/unitree/ctrl_keyboard/install/ctrl_keyboard/lib/python3.8/site-packages/ctrl_keyboard
copying /home/unitree/ctrl_keyboard/build/ctrl_keyboard/build/lib/ctrl_keyboard/ctr_keyboard.py -> /home/unitree/ctrl_keyboard/install/ctrl_keyboard/lib/python3.8/site-packages/ctrl_keyboard
byte-compiling /home/unitree/ctrl_keyboard/install/ctrl_keyboard/lib/python3.8/site-packages/ctrl_keyboard/__init__.py to __init__.cpython-38.pyc
byte-compiling /home/unitree/ctrl_keyboard/install/ctrl_keyboard/lib/python3.8/site-packages/ctrl_keyboard/ctr_keyboard.py to ctr_keyboard.cpython-38.pyc
running install_data
creating /home/unitree/ctrl_keyboard/install/ctrl_keyboard/share/ament_index
creating /home/unitree/ctrl_keyboard/install/ctrl_keyboard/share/ament_index/resource_index
creating /home/unitree/ctrl_keyboard/install/ctrl_keyboard/share/ament_index/resource_index/packages
copying resource/ctrl_keyboard -> /home/unitree/ctrl_keyboard/install/ctrl_keyboard/share/ament_index/resource_index/packages
copying package.xml -> /home/unitree/ctrl_keyboard/install/ctrl_keyboard/share/ctrl_keyboard
running install_egg_info
Copying build/ctrl_keyboard/ctrl_keyboard.egg-info to /home/unitree/ctrl_keyboard/install/ctrl_keyboard/lib/python3.8/site-packages/ctrl_keyboard-0.0.0-py3.8.egg-info
running install_scripts
Installing ctrl_keyboard script to /home/unitree/ctrl_keyboard/install/ctrl_keyboard/lib/ctrl_keyboard
writing list of installed files to '/home/unitree/ctrl_keyboard/build/ctrl_keyboard/install.log'
