[1.078s] Invoking command in '/home/unitree/ctrl_keyboard': PYTHONPATH=/home/unitree/ctrl_keyboard/build/ctrl_keyboard/prefix_override:/usr/lib/python3/dist-packages/colcon_core/task/python/colcon_distutils_commands:/home/unitree/ctrl_keyboard/install/ctrl_keyboard/lib/python3.8/site-packages:${PYTHONPATH} /usr/bin/python3 -W ignore:setup.py install is deprecated setup.py egg_info --egg-base build/ctrl_keyboard build --build-base /home/unitree/ctrl_keyboard/build/ctrl_keyboard/build install --record /home/unitree/ctrl_keyboard/build/ctrl_keyboard/install.log --install-scripts $base/lib/ctrl_keyboard --single-version-externally-managed install_data
[1.416s] running egg_info
[1.416s] creating build/ctrl_keyboard/ctrl_keyboard.egg-info
[1.417s] writing build/ctrl_keyboard/ctrl_keyboard.egg-info/PKG-INFO
[1.417s] writing dependency_links to build/ctrl_keyboard/ctrl_keyboard.egg-info/dependency_links.txt
[1.417s] writing entry points to build/ctrl_keyboard/ctrl_keyboard.egg-info/entry_points.txt
[1.418s] writing requirements to build/ctrl_keyboard/ctrl_keyboard.egg-info/requires.txt
[1.418s] writing top-level names to build/ctrl_keyboard/ctrl_keyboard.egg-info/top_level.txt
[1.420s] writing manifest file 'build/ctrl_keyboard/ctrl_keyboard.egg-info/SOURCES.txt'
[1.466s] reading manifest file 'build/ctrl_keyboard/ctrl_keyboard.egg-info/SOURCES.txt'
[1.467s] writing manifest file 'build/ctrl_keyboard/ctrl_keyboard.egg-info/SOURCES.txt'
[1.467s] running build
[1.467s] running build_py
[1.467s] creating /home/unitree/ctrl_keyboard/build/ctrl_keyboard/build
[1.467s] creating /home/unitree/ctrl_keyboard/build/ctrl_keyboard/build/lib
[1.467s] creating /home/unitree/ctrl_keyboard/build/ctrl_keyboard/build/lib/ctrl_keyboard
[1.467s] copying ctrl_keyboard/__init__.py -> /home/unitree/ctrl_keyboard/build/ctrl_keyboard/build/lib/ctrl_keyboard
[1.468s] copying ctrl_keyboard/ctr_keyboard.py -> /home/unitree/ctrl_keyboard/build/ctrl_keyboard/build/lib/ctrl_keyboard
[1.468s] running install
[1.469s] running install_lib
[1.470s] creating /home/unitree/ctrl_keyboard/install/ctrl_keyboard/lib/python3.8/site-packages/ctrl_keyboard
[1.471s] copying /home/unitree/ctrl_keyboard/build/ctrl_keyboard/build/lib/ctrl_keyboard/__init__.py -> /home/unitree/ctrl_keyboard/install/ctrl_keyboard/lib/python3.8/site-packages/ctrl_keyboard
[1.471s] copying /home/unitree/ctrl_keyboard/build/ctrl_keyboard/build/lib/ctrl_keyboard/ctr_keyboard.py -> /home/unitree/ctrl_keyboard/install/ctrl_keyboard/lib/python3.8/site-packages/ctrl_keyboard
[1.472s] byte-compiling /home/unitree/ctrl_keyboard/install/ctrl_keyboard/lib/python3.8/site-packages/ctrl_keyboard/__init__.py to __init__.cpython-38.pyc
[1.473s] byte-compiling /home/unitree/ctrl_keyboard/install/ctrl_keyboard/lib/python3.8/site-packages/ctrl_keyboard/ctr_keyboard.py to ctr_keyboard.cpython-38.pyc
[1.476s] running install_data
[1.476s] creating /home/unitree/ctrl_keyboard/install/ctrl_keyboard/share/ament_index
[1.476s] creating /home/unitree/ctrl_keyboard/install/ctrl_keyboard/share/ament_index/resource_index
[1.476s] creating /home/unitree/ctrl_keyboard/install/ctrl_keyboard/share/ament_index/resource_index/packages
[1.476s] copying resource/ctrl_keyboard -> /home/unitree/ctrl_keyboard/install/ctrl_keyboard/share/ament_index/resource_index/packages
[1.476s] copying package.xml -> /home/unitree/ctrl_keyboard/install/ctrl_keyboard/share/ctrl_keyboard
[1.477s] running install_egg_info
[1.479s] Copying build/ctrl_keyboard/ctrl_keyboard.egg-info to /home/unitree/ctrl_keyboard/install/ctrl_keyboard/lib/python3.8/site-packages/ctrl_keyboard-0.0.0-py3.8.egg-info
[1.481s] running install_scripts
[1.509s] Installing ctrl_keyboard script to /home/unitree/ctrl_keyboard/install/ctrl_keyboard/lib/ctrl_keyboard
[1.510s] writing list of installed files to '/home/unitree/ctrl_keyboard/build/ctrl_keyboard/install.log'
[1.562s] Invoked command in '/home/unitree/ctrl_keyboard' returned '0': PYTHONPATH=/home/unitree/ctrl_keyboard/build/ctrl_keyboard/prefix_override:/usr/lib/python3/dist-packages/colcon_core/task/python/colcon_distutils_commands:/home/unitree/ctrl_keyboard/install/ctrl_keyboard/lib/python3.8/site-packages:${PYTHONPATH} /usr/bin/python3 -W ignore:setup.py install is deprecated setup.py egg_info --egg-base build/ctrl_keyboard build --build-base /home/unitree/ctrl_keyboard/build/ctrl_keyboard/build install --record /home/unitree/ctrl_keyboard/build/ctrl_keyboard/install.log --install-scripts $base/lib/ctrl_keyboard --single-version-externally-managed install_data
