[0.339s] DEBUG:colcon:Command line arguments: ['/usr/bin/colcon', 'build']
[0.339s] DEBUG:colcon:Parsed command line arguments: Namespace(allow_overriding=[], ament_cmake_args=None, base_paths=['.'], build_base='build', catkin_cmake_args=None, catkin_skip_building_tests=False, cmake_args=None, cmake_clean_cache=False, cmake_clean_first=False, cmake_force_configure=False, cmake_target=None, cmake_target_skip_unavailable=False, continue_on_error=False, event_handlers=None, executor='parallel', ignore_user_meta=False, install_base='install', log_base=None, log_level=None, main=<bound method BuildVerb.main of <colcon_core.verb.build.BuildVerb object at 0xffff8a1692e0>>, merge_install=False, metas=['./colcon.meta'], packages_above=None, packages_above_and_dependencies=None, packages_above_depth=None, packages_end=None, packages_ignore=None, packages_ignore_regex=None, packages_select=None, packages_select_build_failed=False, packages_select_by_dep=None, packages_select_regex=None, packages_select_test_failures=False, packages_skip=None, packages_skip_build_finished=False, packages_skip_by_dep=None, packages_skip_regex=None, packages_skip_test_passed=False, packages_skip_up_to=None, packages_start=None, packages_up_to=None, packages_up_to_regex=None, parallel_workers=8, paths=None, symlink_install=False, test_result_base=None, verb_extension=<colcon_core.verb.build.BuildVerb object at 0xffff8a1692e0>, verb_name='build', verb_parser=<colcon_defaults.argument_parser.defaults.DefaultArgumentsDecorator object at 0xffff8a0a9e80>)
[0.602s] Level 1:colcon.colcon_core.package_discovery:discover_packages(colcon_meta) check parameters
[0.602s] Level 1:colcon.colcon_core.package_discovery:discover_packages(recursive) check parameters
[0.602s] Level 1:colcon.colcon_core.package_discovery:discover_packages(ignore) check parameters
[0.602s] Level 1:colcon.colcon_core.package_discovery:discover_packages(path) check parameters
[0.602s] Level 1:colcon.colcon_core.package_discovery:discover_packages(colcon_meta) discover
[0.602s] Level 1:colcon.colcon_core.package_discovery:discover_packages(recursive) discover
[0.603s] INFO:colcon.colcon_core.package_discovery:Crawling recursively for packages in '/home/unitree/ctrl_keyboard'
[0.603s] Level 1:colcon.colcon_core.package_identification:_identify(.) by extensions ['ignore', 'ignore_ament_install']
[0.603s] Level 1:colcon.colcon_core.package_identification:_identify(.) by extension 'ignore'
[0.603s] Level 1:colcon.colcon_core.package_identification:_identify(.) by extension 'ignore_ament_install'
[0.603s] Level 1:colcon.colcon_core.package_identification:_identify(.) by extensions ['colcon_pkg']
[0.603s] Level 1:colcon.colcon_core.package_identification:_identify(.) by extension 'colcon_pkg'
[0.603s] Level 1:colcon.colcon_core.package_identification:_identify(.) by extensions ['colcon_meta']
[0.604s] Level 1:colcon.colcon_core.package_identification:_identify(.) by extension 'colcon_meta'
[0.604s] Level 1:colcon.colcon_core.package_identification:_identify(.) by extensions ['ros']
[0.604s] Level 1:colcon.colcon_core.package_identification:_identify(.) by extension 'ros'
[0.628s] DEBUG:colcon.colcon_core.package_identification:Package '.' with type 'ros.ament_python' and name 'ctrl_keyboard'
[0.628s] Level 1:colcon.colcon_core.package_discovery:discover_packages(recursive) using defaults
[0.628s] Level 1:colcon.colcon_core.package_discovery:discover_packages(ignore) discover
[0.628s] Level 1:colcon.colcon_core.package_discovery:discover_packages(ignore) using defaults
[0.628s] Level 1:colcon.colcon_core.package_discovery:discover_packages(path) discover
[0.628s] Level 1:colcon.colcon_core.package_discovery:discover_packages(path) using defaults
[0.662s] Level 1:colcon.colcon_core.package_discovery:discover_packages(prefix_path) check parameters
[0.662s] Level 1:colcon.colcon_core.package_discovery:discover_packages(prefix_path) discover
[0.666s] DEBUG:colcon.colcon_installed_package_information.package_discovery:Found 1 installed packages in /home/unitree/ctrl_keyboard/install
[0.667s] DEBUG:colcon.colcon_installed_package_information.package_discovery:Found 5 installed packages in /home/unitree/cyclonedds_ws/install
[0.669s] DEBUG:colcon.colcon_installed_package_information.package_discovery:Found 296 installed packages in /opt/ros/foxy
[0.672s] Level 1:colcon.colcon_core.package_discovery:discover_packages(prefix_path) using defaults
[0.818s] Level 5:colcon.colcon_core.verb:set package 'ctrl_keyboard' build argument 'cmake_args' from command line to 'None'
[0.818s] Level 5:colcon.colcon_core.verb:set package 'ctrl_keyboard' build argument 'cmake_target' from command line to 'None'
[0.818s] Level 5:colcon.colcon_core.verb:set package 'ctrl_keyboard' build argument 'cmake_target_skip_unavailable' from command line to 'False'
[0.818s] Level 5:colcon.colcon_core.verb:set package 'ctrl_keyboard' build argument 'cmake_clean_cache' from command line to 'False'
[0.818s] Level 5:colcon.colcon_core.verb:set package 'ctrl_keyboard' build argument 'cmake_clean_first' from command line to 'False'
[0.818s] Level 5:colcon.colcon_core.verb:set package 'ctrl_keyboard' build argument 'cmake_force_configure' from command line to 'False'
[0.818s] Level 5:colcon.colcon_core.verb:set package 'ctrl_keyboard' build argument 'ament_cmake_args' from command line to 'None'
[0.818s] Level 5:colcon.colcon_core.verb:set package 'ctrl_keyboard' build argument 'catkin_cmake_args' from command line to 'None'
[0.818s] Level 5:colcon.colcon_core.verb:set package 'ctrl_keyboard' build argument 'catkin_skip_building_tests' from command line to 'False'
[0.819s] DEBUG:colcon.colcon_core.verb:Building package 'ctrl_keyboard' with the following arguments: {'ament_cmake_args': None, 'build_base': '/home/unitree/ctrl_keyboard/build/ctrl_keyboard', 'catkin_cmake_args': None, 'catkin_skip_building_tests': False, 'cmake_args': None, 'cmake_clean_cache': False, 'cmake_clean_first': False, 'cmake_force_configure': False, 'cmake_target': None, 'cmake_target_skip_unavailable': False, 'install_base': '/home/unitree/ctrl_keyboard/install/ctrl_keyboard', 'merge_install': False, 'path': '/home/unitree/ctrl_keyboard', 'symlink_install': False, 'test_result_base': None}
[0.819s] INFO:colcon.colcon_core.executor:Executing jobs using 'parallel' executor
[0.821s] DEBUG:colcon.colcon_parallel_executor.executor.parallel:run_until_complete
[0.822s] INFO:colcon.colcon_ros.task.ament_python.build:Building ROS package in '/home/unitree/ctrl_keyboard' with build type 'ament_python'
[0.822s] Level 1:colcon.colcon_core.shell:create_environment_hook('ctrl_keyboard', 'ament_prefix_path')
[0.826s] INFO:colcon.colcon_core.plugin_system:Skipping extension 'colcon_core.shell.bat': Not used on non-Windows systems
[0.826s] INFO:colcon.colcon_core.shell:Creating environment hook '/home/unitree/ctrl_keyboard/install/ctrl_keyboard/share/ctrl_keyboard/hook/ament_prefix_path.ps1'
[0.828s] INFO:colcon.colcon_core.shell:Creating environment descriptor '/home/unitree/ctrl_keyboard/install/ctrl_keyboard/share/ctrl_keyboard/hook/ament_prefix_path.dsv'
[0.828s] INFO:colcon.colcon_core.shell:Creating environment hook '/home/unitree/ctrl_keyboard/install/ctrl_keyboard/share/ctrl_keyboard/hook/ament_prefix_path.sh'
[0.830s] INFO:colcon.colcon_core.shell:Skip shell extension 'powershell' for command environment: Not usable outside of PowerShell
[0.830s] DEBUG:colcon.colcon_core.shell:Skip shell extension 'dsv' for command environment
[1.259s] INFO:colcon.colcon_core.task.python.build:Building Python package in '/home/unitree/ctrl_keyboard'
[1.261s] INFO:colcon.colcon_core.shell:Skip shell extension 'powershell' for command environment: Not usable outside of PowerShell
[1.261s] DEBUG:colcon.colcon_core.shell:Skip shell extension 'dsv' for command environment
[2.084s] DEBUG:colcon.colcon_core.event_handler.log_command:Invoking command in '/home/unitree/ctrl_keyboard': PYTHONPATH=/home/unitree/ctrl_keyboard/build/ctrl_keyboard/prefix_override:/usr/lib/python3/dist-packages/colcon_core/task/python/colcon_distutils_commands:/home/unitree/ctrl_keyboard/install/ctrl_keyboard/lib/python3.8/site-packages:${PYTHONPATH} /usr/bin/python3 -W ignore:setup.py install is deprecated setup.py egg_info --egg-base build/ctrl_keyboard build --build-base /home/unitree/ctrl_keyboard/build/ctrl_keyboard/build install --record /home/unitree/ctrl_keyboard/build/ctrl_keyboard/install.log --install-scripts $base/lib/ctrl_keyboard --single-version-externally-managed install_data
[2.661s] DEBUG:colcon.colcon_core.event_handler.log_command:Invoked command in '/home/unitree/ctrl_keyboard' returned '0': PYTHONPATH=/home/unitree/ctrl_keyboard/build/ctrl_keyboard/prefix_override:/usr/lib/python3/dist-packages/colcon_core/task/python/colcon_distutils_commands:/home/unitree/ctrl_keyboard/install/ctrl_keyboard/lib/python3.8/site-packages:${PYTHONPATH} /usr/bin/python3 -W ignore:setup.py install is deprecated setup.py egg_info --egg-base build/ctrl_keyboard build --build-base /home/unitree/ctrl_keyboard/build/ctrl_keyboard/build install --record /home/unitree/ctrl_keyboard/build/ctrl_keyboard/install.log --install-scripts $base/lib/ctrl_keyboard --single-version-externally-managed install_data
[2.670s] Level 1:colcon.colcon_core.environment:checking '/home/unitree/ctrl_keyboard/install/ctrl_keyboard' for CMake module files
[2.671s] Level 1:colcon.colcon_core.environment:checking '/home/unitree/ctrl_keyboard/install/ctrl_keyboard' for CMake config files
[2.674s] Level 1:colcon.colcon_core.environment:checking '/home/unitree/ctrl_keyboard/install/ctrl_keyboard/lib'
[2.675s] Level 1:colcon.colcon_core.environment:checking '/home/unitree/ctrl_keyboard/install/ctrl_keyboard/bin'
[2.675s] Level 1:colcon.colcon_core.environment:checking '/home/unitree/ctrl_keyboard/install/ctrl_keyboard/lib/pkgconfig/ctrl_keyboard.pc'
[2.676s] Level 1:colcon.colcon_core.environment:checking '/home/unitree/ctrl_keyboard/install/ctrl_keyboard/lib/python3.8/site-packages'
[2.676s] Level 1:colcon.colcon_core.shell:create_environment_hook('ctrl_keyboard', 'pythonpath')
[2.677s] INFO:colcon.colcon_core.shell:Creating environment hook '/home/unitree/ctrl_keyboard/install/ctrl_keyboard/share/ctrl_keyboard/hook/pythonpath.ps1'
[2.679s] INFO:colcon.colcon_core.shell:Creating environment descriptor '/home/unitree/ctrl_keyboard/install/ctrl_keyboard/share/ctrl_keyboard/hook/pythonpath.dsv'
[2.680s] INFO:colcon.colcon_core.shell:Creating environment hook '/home/unitree/ctrl_keyboard/install/ctrl_keyboard/share/ctrl_keyboard/hook/pythonpath.sh'
[2.681s] Level 1:colcon.colcon_core.environment:checking '/home/unitree/ctrl_keyboard/install/ctrl_keyboard/bin'
[2.681s] Level 1:colcon.colcon_core.environment:create_environment_scripts_only(ctrl_keyboard)
[2.682s] INFO:colcon.colcon_core.shell:Creating package script '/home/unitree/ctrl_keyboard/install/ctrl_keyboard/share/ctrl_keyboard/package.ps1'
[2.685s] INFO:colcon.colcon_core.shell:Creating package descriptor '/home/unitree/ctrl_keyboard/install/ctrl_keyboard/share/ctrl_keyboard/package.dsv'
[2.686s] INFO:colcon.colcon_core.shell:Creating package script '/home/unitree/ctrl_keyboard/install/ctrl_keyboard/share/ctrl_keyboard/package.sh'
[2.688s] INFO:colcon.colcon_core.shell:Creating package script '/home/unitree/ctrl_keyboard/install/ctrl_keyboard/share/ctrl_keyboard/package.bash'
[2.690s] INFO:colcon.colcon_core.shell:Creating package script '/home/unitree/ctrl_keyboard/install/ctrl_keyboard/share/ctrl_keyboard/package.zsh'
[2.692s] Level 1:colcon.colcon_core.environment:create_file_with_runtime_dependencies(/home/unitree/ctrl_keyboard/install/ctrl_keyboard/share/colcon-core/packages/ctrl_keyboard)
[2.693s] DEBUG:colcon.colcon_parallel_executor.executor.parallel:closing loop
[2.693s] DEBUG:colcon.colcon_parallel_executor.executor.parallel:loop closed
[2.694s] DEBUG:colcon.colcon_parallel_executor.executor.parallel:run_until_complete finished with '0'
[2.694s] DEBUG:colcon.colcon_core.event_reactor:joining thread
[2.711s] INFO:colcon.colcon_core.plugin_system:Skipping extension 'colcon_notification.desktop_notification.terminal_notifier': Not used on non-Darwin systems
[2.712s] INFO:colcon.colcon_core.plugin_system:Skipping extension 'colcon_notification.desktop_notification.win32': Not used on non-Windows systems
[2.712s] INFO:colcon.colcon_notification.desktop_notification:Sending desktop notification using 'notify2'
[2.758s] DEBUG:colcon.colcon_core.event_reactor:joined thread
[2.759s] INFO:colcon.colcon_core.shell:Creating prefix script '/home/unitree/ctrl_keyboard/install/local_setup.ps1'
[2.762s] INFO:colcon.colcon_core.shell:Creating prefix util module '/home/unitree/ctrl_keyboard/install/_local_setup_util_ps1.py'
[2.766s] INFO:colcon.colcon_core.shell:Creating prefix chain script '/home/unitree/ctrl_keyboard/install/setup.ps1'
[2.769s] INFO:colcon.colcon_core.shell:Creating prefix script '/home/unitree/ctrl_keyboard/install/local_setup.sh'
[2.771s] INFO:colcon.colcon_core.shell:Creating prefix util module '/home/unitree/ctrl_keyboard/install/_local_setup_util_sh.py'
[2.772s] INFO:colcon.colcon_core.shell:Creating prefix chain script '/home/unitree/ctrl_keyboard/install/setup.sh'
[2.776s] INFO:colcon.colcon_core.shell:Creating prefix script '/home/unitree/ctrl_keyboard/install/local_setup.bash'
[2.777s] INFO:colcon.colcon_core.shell:Creating prefix chain script '/home/unitree/ctrl_keyboard/install/setup.bash'
[2.780s] INFO:colcon.colcon_core.shell:Creating prefix script '/home/unitree/ctrl_keyboard/install/local_setup.zsh'
[2.781s] INFO:colcon.colcon_core.shell:Creating prefix chain script '/home/unitree/ctrl_keyboard/install/setup.zsh'
